#-----------------------------------------------------------
# PlanAhead v14.7 (64-bit)
# Build 321239 by xbuild on Fri Sep 27 19:24:36 MDT 2013
# Start of session at: Wed Mar 13 14:25:24 2024
# Process ID: 46628
# Log file: /media/cse/2AA3-B3E2/Lab7/Lab7/Lab7_2/Smallest/planAhead_run_3/planAhead.log
# Journal file: /media/cse/2AA3-B3E2/Lab7/Lab7/Lab7_2/Smallest/planAhead_run_3/planAhead.jou
#-----------------------------------------------------------
INFO: [Common 17-78] Attempting to get a license: PlanAhead
INFO: [Common 17-290] Got license for PlanAhead
INFO: [Device 21-36] Loading parts and site information from /opt/Xilinx/14.7/ISE_DS/PlanAhead/data/parts/arch.xml
Parsing RTL primitives file [/opt/Xilinx/14.7/ISE_DS/PlanAhead/data/parts/xilinx/rtl/prims/rtl_prims.xml]
Finished parsing RTL primitives file [/opt/Xilinx/14.7/ISE_DS/PlanAhead/data/parts/xilinx/rtl/prims/rtl_prims.xml]
start_gui
source /media/cse/2AA3-B3E2/Lab7/Lab7/Lab7_2/Smallest/pa.fromHdl.tcl
# create_project -name Smallest -dir "/media/cse/2AA3-B3E2/Lab7/Lab7/Lab7_2/Smallest/planAhead_run_3" -part xc3s500efg320-4
# set_param project.pinAheadLayout yes
# set srcset [get_property srcset [current_run -impl]]
# set_property target_constrs_file "Smallest.ucf" [current_fileset -constrset]
Adding file '/media/cse/2AA3-B3E2/Lab7/Lab7/Lab7_2/Smallest/Smallest.ucf' to fileset 'constrs_1'
# set hdlfile [add_files [list {lcd_driver.v}]]
# set_property file_type Verilog $hdlfile
# set_property library work $hdlfile
# set hdlfile [add_files [list {Smallest.v}]]
# set_property file_type Verilog $hdlfile
# set_property library work $hdlfile
# set_property top Smallest $srcset
# add_files [list {Smallest.ucf}] -fileset [get_property constrset [current_run]]
# open_rtl_design -part xc3s500efg320-4
Using Verific elaboration
Parsing VHDL file "/opt/Xilinx/14.7/ISE_DS/PlanAhead/data/parts/xilinx/rtl/lib/synplify/synattr.vhd" into library synplify
Analyzing Verilog file "/media/cse/2AA3-B3E2/Lab7/Lab7/Lab7_2/Smallest/lcd_driver.v" into library work
Analyzing Verilog file "/media/cse/2AA3-B3E2/Lab7/Lab7/Lab7_2/Smallest/Smallest.v" into library work
INFO: [Designutils 20-910] Reading macro library /opt/Xilinx/14.7/ISE_DS/PlanAhead/data/./parts/xilinx/spartan3e/spartan3e/hd_int_macros.edn
Parsing EDIF File [/opt/Xilinx/14.7/ISE_DS/PlanAhead/data/./parts/xilinx/spartan3e/spartan3e/hd_int_macros.edn]
Finished Parsing EDIF File [/opt/Xilinx/14.7/ISE_DS/PlanAhead/data/./parts/xilinx/spartan3e/spartan3e/hd_int_macros.edn]
Loading clock regions from /opt/Xilinx/14.7/ISE_DS/PlanAhead/data/parts/xilinx/spartan3e/spartan3e/xc3s500e/ClockRegion.xml
Loading clock buffers from /opt/Xilinx/14.7/ISE_DS/PlanAhead/data/parts/xilinx/spartan3e/spartan3e/xc3s500e/ClockBuffers.xml
Loading package from /opt/Xilinx/14.7/ISE_DS/PlanAhead/data/parts/xilinx/spartan3e/spartan3e/xc3s500e/fg320/Package.xml
Loading io standards from /opt/Xilinx/14.7/ISE_DS/PlanAhead/data/./parts/xilinx/spartan3e/IOStandards.xml
INFO: [Device 21-19] Loading pkg sso from /opt/Xilinx/14.7/ISE_DS/PlanAhead/data/parts/xilinx/spartan3e/spartan3e/xc3s500e/fg320/SSORules.xml
Loading list of drcs for the architecture : /opt/Xilinx/14.7/ISE_DS/PlanAhead/data/./parts/xilinx/spartan3e/spartan3e/drc.xml
INFO: [Timing 38-77] Reading timing library /opt/Xilinx/14.7/ISE_DS/PlanAhead/data/parts/xilinx/spartan3e/spartan3e/spartan3e-4.lib.
INFO: [Timing 38-34] Done reading timing library /opt/Xilinx/14.7/ISE_DS/PlanAhead/data/parts/xilinx/spartan3e/spartan3e/spartan3e-4.lib.
Parsing UCF File [/media/cse/2AA3-B3E2/Lab7/Lab7/Lab7_2/Smallest/Smallest.ucf]
Finished Parsing UCF File [/media/cse/2AA3-B3E2/Lab7/Lab7/Lab7_2/Smallest/Smallest.ucf]
INFO: [Project 1-111] Unisim Transformation Summary:
No Unisim elements were transformed.

Phase 0 | Netlist Checksum: 5ae590cb
open_rtl_design: Time (s): cpu = 00:00:16 ; elapsed = 00:00:06 . Memory (MB): peak = 2900.113 ; gain = 161.605
update_compile_order -fileset sim_1
set_property pulltype PULLUP [get_ports [list {PB[3]} {PB[2]} {PB[1]} {PB[0]}]]
save_constraints
set_property pulltype PULLDOWN [get_ports [list {PB[3]}]]
set_property pulltype PULLUP [get_ports [list {PB[3]}]]
set_property pulltype PULLDOWN [get_ports [list {PB[3]} {PB[2]} {PB[1]} {PB[0]}]]
save_constraints
