#-----------------------------------------------------------
# PlanAhead v14.7 (64-bit)
# Build 321239 by xbuild on Fri Sep 27 19:24:36 MDT 2013
# Start of session at: Wed Mar 13 14:49:10 2024
# Process ID: 13173
# Log file: /home/cse/Desktop/CS220Labs/LAB7_2/lcd_min/planAhead_run_1/planAhead.log
# Journal file: /home/cse/Desktop/CS220Labs/LAB7_2/lcd_min/planAhead_run_1/planAhead.jou
#-----------------------------------------------------------
INFO: [Common 17-78] Attempting to get a license: PlanAhead
INFO: [Common 17-290] Got license for PlanAhead
INFO: [Device 21-36] Loading parts and site information from /opt/Xilinx/14.7/ISE_DS/PlanAhead/data/parts/arch.xml
Parsing RTL primitives file [/opt/Xilinx/14.7/ISE_DS/PlanAhead/data/parts/xilinx/rtl/prims/rtl_prims.xml]
Finished parsing RTL primitives file [/opt/Xilinx/14.7/ISE_DS/PlanAhead/data/parts/xilinx/rtl/prims/rtl_prims.xml]
start_gui
source /home/cse/Desktop/CS220Labs/LAB7_2/lcd_min/pa.fromHdl.tcl
# create_project -name lcd_min -dir "/home/cse/Desktop/CS220Labs/LAB7_2/lcd_min/planAhead_run_1" -part xc3s500efg320-4
# set_param project.pinAheadLayout yes
# set srcset [get_property srcset [current_run -impl]]
# set_property target_constrs_file "LCD_MIN.ucf" [current_fileset -constrset]
Adding file '/home/cse/Desktop/CS220Labs/LAB7_2/lcd_min/LCD_MIN.ucf' to fileset 'constrs_1'
# set hdlfile [add_files [list {minimum.v}]]
# set_property file_type Verilog $hdlfile
# set_property library work $hdlfile
# set hdlfile [add_files [list {LCD.v}]]
# set_property file_type Verilog $hdlfile
# set_property library work $hdlfile
# set hdlfile [add_files [list {LCD_MIN.v}]]
# set_property file_type Verilog $hdlfile
# set_property library work $hdlfile
# set_property top LCD_MIN $srcset
# add_files [list {LCD_MIN.ucf}] -fileset [get_property constrset [current_run]]
# open_rtl_design -part xc3s500efg320-4
Using Verific elaboration
Parsing VHDL file "/opt/Xilinx/14.7/ISE_DS/PlanAhead/data/parts/xilinx/rtl/lib/synplify/synattr.vhd" into library synplify
Analyzing Verilog file "/home/cse/Desktop/CS220Labs/LAB7_2/lcd_min/minimum.v" into library work
Analyzing Verilog file "/home/cse/Desktop/CS220Labs/LAB7_2/lcd_min/LCD.v" into library work
Analyzing Verilog file "/home/cse/Desktop/CS220Labs/LAB7_2/lcd_min/LCD_MIN.v" into library work
INFO: [Designutils 20-910] Reading macro library /opt/Xilinx/14.7/ISE_DS/PlanAhead/data/./parts/xilinx/spartan3e/spartan3e/hd_int_macros.edn
Parsing EDIF File [/opt/Xilinx/14.7/ISE_DS/PlanAhead/data/./parts/xilinx/spartan3e/spartan3e/hd_int_macros.edn]
Finished Parsing EDIF File [/opt/Xilinx/14.7/ISE_DS/PlanAhead/data/./parts/xilinx/spartan3e/spartan3e/hd_int_macros.edn]
Loading clock regions from /opt/Xilinx/14.7/ISE_DS/PlanAhead/data/parts/xilinx/spartan3e/spartan3e/xc3s500e/ClockRegion.xml
Loading clock buffers from /opt/Xilinx/14.7/ISE_DS/PlanAhead/data/parts/xilinx/spartan3e/spartan3e/xc3s500e/ClockBuffers.xml
Loading package from /opt/Xilinx/14.7/ISE_DS/PlanAhead/data/parts/xilinx/spartan3e/spartan3e/xc3s500e/fg320/Package.xml
Loading io standards from /opt/Xilinx/14.7/ISE_DS/PlanAhead/data/./parts/xilinx/spartan3e/IOStandards.xml
INFO: [Device 21-19] Loading pkg sso from /opt/Xilinx/14.7/ISE_DS/PlanAhead/data/parts/xilinx/spartan3e/spartan3e/xc3s500e/fg320/SSORules.xml
Loading list of drcs for the architecture : /opt/Xilinx/14.7/ISE_DS/PlanAhead/data/./parts/xilinx/spartan3e/spartan3e/drc.xml
INFO: [Timing 38-77] Reading timing library /opt/Xilinx/14.7/ISE_DS/PlanAhead/data/parts/xilinx/spartan3e/spartan3e/spartan3e-4.lib.
INFO: [Timing 38-34] Done reading timing library /opt/Xilinx/14.7/ISE_DS/PlanAhead/data/parts/xilinx/spartan3e/spartan3e/spartan3e-4.lib.
Parsing UCF File [/home/cse/Desktop/CS220Labs/LAB7_2/lcd_min/LCD_MIN.ucf]
Finished Parsing UCF File [/home/cse/Desktop/CS220Labs/LAB7_2/lcd_min/LCD_MIN.ucf]
INFO: [Project 1-111] Unisim Transformation Summary:
No Unisim elements were transformed.

Phase 0 | Netlist Checksum: 430a1466
open_rtl_design: Time (s): cpu = 00:00:15 ; elapsed = 00:00:06 . Memory (MB): peak = 2902.562 ; gain = 139.238
update_compile_order -fileset sim_1
startgroup
set_property package_pin F12 [get_ports {minpos[0]}]
endgroup
startgroup
set_property package_pin E12 [get_ports {minpos[1]}]
endgroup
set_property is_loc_fixed false [get_ports [list  {minpos[1]}]]
set_property is_loc_fixed true [get_ports [list  {minpos[1]}]]
set_property package_pin "" [get_ports [list  {slide[0]}]]
set_property iostandard LVTTL [get_ports [list {minpos[1]} {minpos[0]}]]
set_property drive 8 [get_ports [list {minpos[1]} {minpos[0]}]]
startgroup
set_property package_pin L13 [get_ports {slide[0]}]
endgroup
startgroup
set_property package_pin L14 [get_ports {slide[1]}]
endgroup
startgroup
set_property package_pin H18 [get_ports {slide[2]}]
endgroup
set_property is_loc_fixed false [get_ports [list  {slide[2]}]]
set_property is_loc_fixed true [get_ports [list  {slide[2]}]]
set_property iostandard LVTTL [get_ports [list {slide[2]} {slide[1]} {slide[0]}]]
set_property pulltype PULLUP [get_ports [list {slide[2]} {slide[1]} {slide[0]}]]
startgroup
set_property package_pin K17 [get_ports PB1]
endgroup
startgroup
set_property package_pin D18 [get_ports PB2]
endgroup
startgroup
set_property package_pin V4 [get_ports PB3]
endgroup
startgroup
set_property package_pin H13 [get_ports PB4]
endgroup
set_property is_loc_fixed false [get_ports [list  PB4]]
set_property iostandard LVTTL [get_ports [list PB1]]
set_property iostandard LVTTL [get_ports [list PB2]]
set_property iostandard LVTTL [get_ports [list PB3]]
set_property iostandard LVTTL [get_ports [list PB4]]
set_property is_loc_fixed true [get_ports [list  PB4]]
set_property pulltype PULLDOWN [get_ports [list PB1]]
set_property pulltype PULLDOWN [get_ports [list PB2]]
set_property pulltype PULLDOWN [get_ports [list PB3]]
set_property pulltype PULLDOWN [get_ports [list PB4]]
startgroup
set_property package_pin C9 [get_ports clk]
endgroup
set_property is_loc_fixed false [get_ports [list  clk]]
set_property is_loc_fixed true [get_ports [list  clk]]
set_property iostandard LVCMOS33 [get_ports [list clk]]
set_property iostandard LVCMOS33 [get_ports [list lcd7]]
set_property iostandard LVCMOS33 [get_ports [list lcd_e]]
set_property iostandard LVCMOS33 [get_ports [list lcd_rs]]
set_property package_pin "" [get_ports [list  lcd_rs]]
startgroup
set_property package_pin M18 [get_ports lcd_e]
endgroup
startgroup
set_property package_pin L18 [get_ports lcd_rs]
endgroup
set_property is_loc_fixed false [get_ports [list  lcd_rs]]
set_property drive 6 [get_ports [list lcd_rs]]
set_property drive 4 [get_ports [list lcd_rs]]
set_property drive 4 [get_ports [list lcd_e]]
set_property package_pin "" [get_ports [list  lcd_rw]]
set_property iostandard LVCMOS33 [get_ports [list lcd_rw]]
startgroup
set_property package_pin L17 [get_ports lcd_rw]
endgroup
set_property is_loc_fixed false [get_ports [list  lcd_rw]]
set_property is_loc_fixed true [get_ports [list  lcd_rw]]
set_property is_loc_fixed true [get_ports [list  lcd_rs]]
startgroup
set_property package_pin R15 [get_ports lcd4]
endgroup
set_property is_loc_fixed false [get_ports [list  lcd4]]
set_property package_pin "" [get_ports [list  lcd5]]
set_property is_loc_fixed true [get_ports [list  lcd4]]
startgroup
set_property package_pin R16 [get_ports lcd5]
endgroup
set_property is_loc_fixed false [get_ports [list  lcd5]]
set_property is_loc_fixed true [get_ports [list  lcd5]]
startgroup
set_property package_pin P17 [get_ports lcd6]
endgroup
set_property is_loc_fixed false [get_ports [list  lcd6]]
set_property is_loc_fixed true [get_ports [list  lcd6]]
startgroup
set_property package_pin M15 [get_ports lcd7]
endgroup
set_property is_loc_fixed false [get_ports [list  lcd7]]
set_property is_loc_fixed true [get_ports [list  lcd7]]
set_property iostandard LVCMOS33 [get_ports [list lcd4]]
set_property iostandard LVCMOS33 [get_ports [list lcd5]]
set_property iostandard LVCMOS33 [get_ports [list lcd6]]
set_property drive 4 [get_ports [list lcd5]]
set_property drive 4 [get_ports [list lcd6]]
set_property drive 4 [get_ports [list lcd7]]
set_property drive 4 [get_ports [list lcd_rw]]
set_property drive 4 [get_ports [list lcd4]]
save_constraints
