Command line:
   full_adder_top_isim_beh.exe
     -simmode  gui
     -simrunnum  0
     -socket  46885

Wed Jan 17 16:22:45 2024


 Elaboration Time: 0.02 sec

 Current Memory Usage: 185.201 Meg

 Total Signals          : 20
 Total Nets             : 18
 Total Signal Drivers   : 10
 Total Blocks           : 3
 Total Primitive Blocks : 2
 Total Processes        : 13
 Total Traceable Variables  : 21
 Total Scalar Nets and Variables : 101
Total Line Count : 28

 Total Simulation Time: 0.04 sec

 Current Memory Usage: 260.702 Meg

Wed Jan 17 16:32:34 2024

