ISim log file
Running: /users/btech/dakshkscse/Desktop/CS220Labs/Lab2_1/two_bit_adder/two_bit_adder_top_isim_beh.exe -intstyle ise -gui -tclbatch isim.cmd -wdb /users/btech/dakshkscse/Desktop/CS220Labs/Lab2_1/two_bit_adder/two_bit_adder_top_isim_beh.wdb 
ERROR: ld.so: object '/opt/Xilinx/usb-driver/libsub-driver.so' from LD_PRELOAD cannot be preloaded (cannot open shared object file): ignored.
ISim P.20131013 (signature 0xfbc00daa)
WARNING: A WEBPACK license was found.
WARNING: Please use Xilinx License Configuration Manager to check out a full ISim license.
WARNING: ISim will run in Lite mode. Please refer to the ISim documentation for more information on the differences between the Lite and the Full version.
This is a Lite version of ISim.
Time resolution is 1 ps
# onerror resume
# wave add /
# run 1000 ns
Simulator is doing circuit initialization process.
time=                   0: 00 00 00 0 

Finished circuit initialization process.
time=                   5: 01 11 00 1 

time=                  10: 10 11 01 1 

time=                  15: 11 00 11 0 

Stopped at time : 20 ns : File "/users/btech/dakshkscse/Desktop/CS220Labs/Lab2_1/two_bit_adder/two_bit_adder_top.v" Line 57
# exit 0
