#-----------------------------------------------------------
# PlanAhead v14.7 (64-bit)
# Build 321239 by xbuild on Fri Sep 27 19:24:36 MDT 2013
# Start of session at: Wed Mar 13 15:16:33 2024
# Process ID: 48046
# Log file: /media/cse/2AA3-B3E2/Lab7/Lab7/Lab7_2/small/planAhead_run_1/planAhead.log
# Journal file: /media/cse/2AA3-B3E2/Lab7/Lab7/Lab7_2/small/planAhead_run_1/planAhead.jou
#-----------------------------------------------------------
INFO: [Common 17-78] Attempting to get a license: PlanAhead
INFO: [Common 17-290] Got license for PlanAhead
INFO: [Device 21-36] Loading parts and site information from /opt/Xilinx/14.7/ISE_DS/PlanAhead/data/parts/arch.xml
Parsing RTL primitives file [/opt/Xilinx/14.7/ISE_DS/PlanAhead/data/parts/xilinx/rtl/prims/rtl_prims.xml]
Finished parsing RTL primitives file [/opt/Xilinx/14.7/ISE_DS/PlanAhead/data/parts/xilinx/rtl/prims/rtl_prims.xml]
start_gui
source /media/cse/2AA3-B3E2/Lab7/Lab7/Lab7_2/small/pa.fromHdl.tcl
# create_project -name small -dir "/media/cse/2AA3-B3E2/Lab7/Lab7/Lab7_2/small/planAhead_run_1" -part xa7a100tcsg324-2I
# set_param project.pinAheadLayout yes
# set srcset [get_property srcset [current_run -impl]]
# set_property target_constrs_file "lcd.ucf" [current_fileset -constrset]
Adding file '/media/cse/2AA3-B3E2/Lab7/Lab7/Lab7_2/small/lcd.ucf' to fileset 'constrs_1'
# set hdlfile [add_files [list {lcd.v}]]
# set_property file_type Verilog $hdlfile
# set_property library work $hdlfile
# set_property top lcd $srcset
# add_files [list {lcd.ucf}] -fileset [get_property constrset [current_run]]
# open_rtl_design -part xa7a100tcsg324-2I
Using Verific elaboration
Parsing VHDL file "/opt/Xilinx/14.7/ISE_DS/PlanAhead/data/parts/xilinx/rtl/lib/synplify/synattr.vhd" into library synplify
Analyzing Verilog file "/media/cse/2AA3-B3E2/Lab7/Lab7/Lab7_2/small/lcd.v" into library work
Loading clock regions from /opt/Xilinx/14.7/ISE_DS/PlanAhead/data/parts/xilinx/artix7/aartix7/xa7a100t/ClockRegion.xml
Loading clock buffers from /opt/Xilinx/14.7/ISE_DS/PlanAhead/data/parts/xilinx/artix7/aartix7/xa7a100t/ClockBuffers.xml
Loading clock placement rules from /opt/Xilinx/14.7/ISE_DS/PlanAhead/data/parts/xilinx/artix7/ClockPlacerRules.xml
Loading package pin functions from /opt/Xilinx/14.7/ISE_DS/PlanAhead/data/parts/xilinx/artix7/PinFunctions.xml...
Loading package from /opt/Xilinx/14.7/ISE_DS/PlanAhead/data/parts/xilinx/artix7/aartix7/xa7a100t/csg324/Package.xml
Loading io standards from /opt/Xilinx/14.7/ISE_DS/PlanAhead/data/./parts/xilinx/artix7/IOStandards.xml
Loading device configuration modes from /opt/Xilinx/14.7/ISE_DS/PlanAhead/data/parts/xilinx/artix7/ConfigModes.xml
Loading list of drcs for the architecture : /opt/Xilinx/14.7/ISE_DS/PlanAhead/data/./parts/xilinx/artix7/drc.xml
Parsing UCF File [/media/cse/2AA3-B3E2/Lab7/Lab7/Lab7_2/small/lcd.ucf]
Finished Parsing UCF File [/media/cse/2AA3-B3E2/Lab7/Lab7/Lab7_2/small/lcd.ucf]
INFO: [Project 1-111] Unisim Transformation Summary:
No Unisim elements were transformed.

Phase 0 | Netlist Checksum: ab9d4521
open_rtl_design: Time (s): cpu = 00:00:31 ; elapsed = 00:00:14 . Memory (MB): peak = 3077.570 ; gain = 292.039
update_compile_order -fileset sim_1
exit
ERROR: [#UNDEF] *** Exception: ui.h.b: Found deleted key in HTclEventBroker. Verify if the classes listed here call cleanup()
HTclEvent: SIGNAL_MODIFY   Classes: ui.views.aR 
HTclEvent: SIGNAL_BUS_MODIFY   Classes: ui.views.aR 
HTclEvent: DEBUG_PORT_CONFIG_CHANGE   Classes: ui.views.aR 
HTclEvent: DEBUG_CORE_CONFIG_CHANGE   Classes: ui.views.aR 
 (See /media/cse/2AA3-B3E2/Lab7/Lab7/Lab7_2/small/planAhead_pid48046.debug)
ERROR: [Common 17-39] 'stop_gui' failed due to earlier errors.
INFO: [Common 17-206] Exiting PlanAhead at Wed Mar 13 15:17:30 2024...
INFO: [Common 17-83] Releasing license: PlanAhead
